2025-09-11 20:03:00 | INFO | repo=pv243-javaee-7 | action=edit | files=3
2025-10-15 20:49:00 | WARN | repo=pv243-javaee-7 | action=commit
2025-04-09 18:58:00 | WARN | repo=pv243-javaee-7 | action=test | passed=true
2025-07-04 10:20:00 | INFO | repo=pv243-javaee-7 | action=edit | files=5
2025-12-06 21:47:00 | WARN | repo=pv243-javaee-7 | action=test | passed=true
2025-11-20 17:41:00 | WARN | repo=pv243-javaee-7 | action=commit
2025-06-04 20:21:00 | DEBUG | repo=pv243-javaee-7 | action=commit
2025-08-28 19:46:00 | INFO | repo=pv243-javaee-7 | action=commit
2025-08-02 20:16:00 | INFO | repo=pv243-javaee-7 | action=commit
2025-07-09 10:21:00 | WARN | repo=pv243-javaee-7 | action=edit | files=3
2025-09-15 11:34:00 | INFO | repo=pv243-javaee-7 | action=commit
2025-09-10 09:50:00 | WARN | repo=pv243-javaee-7 | action=commit
2025-01-02 10:11:00 | WARN | repo=pv243-javaee-7 | action=commit
2025-04-16 08:32:00 | WARN | repo=pv243-javaee-7 | action=commit
2025-10-04 07:16:00 | INFO | repo=pv243-javaee-7 | action=edit | files=3
2025-04-21 08:10:00 | WARN | repo=pv243-javaee-7 | action=commit
2025-01-25 09:44:00 | DEBUG | repo=pv243-javaee-7 | action=commit
2025-12-17 20:24:00 | INFO | repo=pv243-javaee-7 | action=commit
2025-05-27 19:37:00 | INFO | repo=pv243-javaee-7 | action=commit
2025-07-17 07:48:00 | WARN | repo=pv243-javaee-7 | action=commit
2025-09-25 10:59:00 | WARN | repo=pv243-javaee-7 | action=commit
2025-04-23 08:06:00 | WARN | repo=pv243-javaee-7 | action=test | passed=true
2025-11-16 07:43:00 | WARN | repo=pv243-javaee-7 | action=test | passed=true
2025-08-23 16:36:00 | WARN | repo=pv243-javaee-7 | action=pull
2025-11-03 13:44:00 | WARN | repo=pv243-javaee-7 | action=pull
2025-01-03 08:52:00 | INFO | repo=pv243-javaee-7 | action=commit
2025-12-04 16:44:00 | WARN | repo=pv243-javaee-7 | action=commit
2025-11-06 15:51:00 | INFO | repo=pv243-javaee-7 | action=test | passed=true
2025-07-16 08:22:00 | WARN | repo=pv243-javaee-7 | action=commit
2025-06-03 18:09:00 | INFO | repo=pv243-javaee-7 | action=commit
